[    2168ms] [LOG] {hash: 0059575a97f7d1d25149a66b1500529f9878e8f522a47cbf5ae7e9ddc459d8de, nonce: 2882} @ https://gitlab.freedesktop.org/.within.website/x/cmd/anubis/static/js/main.mjs?cacheBuster=v1.25.0-10-ga2a4cde:30
[    5288ms] [ERROR] Manifest: Line: 1, column: 1, Syntax error. @ https://gitlab.freedesktop.org/-/manifest.json:0
[    5626ms] Unexpected token '<'
[    5626ms] Unexpected token '<'
[    5627ms] Unexpected token '<'
[    5639ms] Unexpected token '<'
[    5639ms] Unexpected token '<'
[    5639ms] Unexpected token '<'
[    5639ms] Unexpected token '<'
[    5639ms] Unexpected token '<'
[    5639ms] Unexpected token '<'
[    5639ms] Unexpected token '<'
[    5639ms] Unexpected token '<'
[    5639ms] Unexpected token '<'
[    5639ms] Unexpected token '<'
[    5639ms] Unexpected token '<'
[    5639ms] Unexpected token '<'
[    5639ms] Unexpected token '<'
[    5646ms] Unexpected token '<'
[    5646ms] Unexpected token '<'
[    5733ms] Unexpected token '<'
[    5733ms] Unexpected token '<'
[    5733ms] Unexpected token '<'
[    5823ms] Unexpected token '<'
[    5823ms] Unexpected token '<'
[    5823ms] Unexpected token '<'
[    5823ms] Unexpected token '<'
[    6435ms] [ERROR] Manifest: Line: 1, column: 1, Syntax error. @ https://gitlab.freedesktop.org/-/manifest.json:0
[    9436ms] [WARNING] The resource https://gitlab.freedesktop.org/assets/highlight/themes/white-91053d9b33e6ca83f1ccc9f675156756bb42617c9bc1cda4b3915abc0547ceda.css was preloaded using link preload but not used within a few seconds from the window's load event. Please make sure it has an appropriate `as` value and it is preloaded intentionally. @ https://gitlab.freedesktop.org/mobile-broadband/ModemManager:0
[    9436ms] [WARNING] The resource https://gitlab.freedesktop.org/assets/application-6cfc5bf1accc7be60a097014ba8b526bd361cfa9f5b0755ec6c38716971f3f05.css was preloaded using link preload but not used within a few seconds from the window's load event. Please make sure it has an appropriate `as` value and it is preloaded intentionally. @ https://gitlab.freedesktop.org/mobile-broadband/ModemManager:0
[   39157ms] [WARNING] The resource https://gitlab.freedesktop.org/assets/highlight/themes/white-91053d9b33e6ca83f1ccc9f675156756bb42617c9bc1cda4b3915abc0547ceda.css was preloaded using link preload but not used within a few seconds from the window's load event. Please make sure it has an appropriate `as` value and it is preloaded intentionally. @ https://gitlab.freedesktop.org/mobile-broadband/ModemManager:0
[   39157ms] [WARNING] The resource https://gitlab.freedesktop.org/assets/application-6cfc5bf1accc7be60a097014ba8b526bd361cfa9f5b0755ec6c38716971f3f05.css was preloaded using link preload but not used within a few seconds from the window's load event. Please make sure it has an appropriate `as` value and it is preloaded intentionally. @ https://gitlab.freedesktop.org/mobile-broadband/ModemManager:0
[   40708ms] [LOG] {hash: 0087478b6c8cfdbfe61383106e6f6223c87d0a05c2b88200fcc4b2fcfd21388f, nonce: 288} @ https://gitlab.freedesktop.org/.within.website/x/cmd/anubis/static/js/main.mjs?cacheBuster=v1.25.0-10-ga2a4cde:30
[   43738ms] [ERROR] Manifest: Line: 1, column: 1, Syntax error. @ https://gitlab.freedesktop.org/-/manifest.json:0
[   44320ms] [LOG] %cOlá, este é o GitLab!%c

Esta página precisa de correções ou melhorias? Abra uma issue ou contribua com uma solicitação de mesclagem para ajudar a tornar o GitLab ainda mais incrível. No GitLab, todo mundo pode contribuir!

🤝 Contribua para o GitLab: https://about.gitlab.com/community/contribute/
🔎 Crie uma nova issue no GitLab: https://gitlab.com/gitlab-org/gitlab/-/issues/new
 padding-top: 0.5em; font-size: 2em; padding-bottom: 0.5em; @ https://gitlab.freedesktop.org/assets/webpack/hello.b7f494db.chunk.js:0
[   46919ms] [ERROR] Manifest: Line: 1, column: 1, Syntax error. @ https://gitlab.freedesktop.org/-/manifest.json:0
